d:\users\griffyn\c++\workouttracker\workouttracker\debug\vc141.pdb
d:\users\griffyn\c++\workouttracker\workouttracker\debug\workouttracker.obj
d:\users\griffyn\c++\workouttracker\workouttracker\debug\workout.obj
d:\users\griffyn\c++\workouttracker\workouttracker\debug\loadworkoutform.obj
d:\users\griffyn\c++\workouttracker\workouttracker\debug\exercise.obj
d:\users\griffyn\c++\workouttracker\workouttracker\debug\date.obj
d:\users\griffyn\c++\workouttracker\workouttracker\debug\.netframework,version=v4.6.1.assemblyattributes.obj
d:\users\griffyn\c++\workouttracker\workouttracker\debug\.netframework,version=v4.6.1.assemblyattributes.asm
d:\users\griffyn\c++\workouttracker\debug\workouttracker.exe
d:\users\griffyn\c++\workouttracker\debug\workouttracker.pdb
d:\users\griffyn\c++\workouttracker\workouttracker\debug\workouttracker.loadworkoutform.resources
d:\users\griffyn\c++\workouttracker\workouttracker\debug\workouttracker.workouttracker.resources
d:\users\griffyn\c++\workouttracker\workouttracker\debug\workouttracker.vcxproj.generateresource.cache
d:\users\griffyn\c++\workouttracker\workouttracker\debug\workouttracker.tlog\cl.command.1.tlog
d:\users\griffyn\c++\workouttracker\workouttracker\debug\workouttracker.tlog\cl.read.1.tlog
d:\users\griffyn\c++\workouttracker\workouttracker\debug\workouttracker.tlog\cl.write.1.tlog
d:\users\griffyn\c++\workouttracker\workouttracker\debug\workouttracker.tlog\link.command.1.tlog
d:\users\griffyn\c++\workouttracker\workouttracker\debug\workouttracker.tlog\link.read.1.tlog
d:\users\griffyn\c++\workouttracker\workouttracker\debug\workouttracker.tlog\link.write.1.tlog
d:\users\griffyn\c++\workouttracker\workouttracker\debug\workouttracker.tlog\metagen.read.1.tlog
d:\users\griffyn\c++\workouttracker\workouttracker\debug\workouttracker.tlog\metagen.write.1.tlog
d:\users\griffyn\c++\workouttracker\workouttracker\debug\workouttracker.tlog\workouttracker.write.1u.tlog
